<?xml version="1.0" encoding="UTF-8"?>
<coverage generated="1541019645946" clover="3.2.0">
  <project timestamp="1541019645946" name="All files">
    <metrics statements="9" coveredstatements="7" conditionals="4" coveredconditionals="2" methods="6" coveredmethods="4" elements="19" coveredelements="13" complexity="0" loc="9" ncloc="9" packages="1" files="2" classes="2">
      <file name="flatten.js" path="/Users/fyum/Documents/Projects/js-utils/src/array/flatten.js">
        <metrics statements="6" coveredstatements="4" conditionals="4" coveredconditionals="2" methods="4" coveredmethods="2"/>
        <line num="8" count="1" type="stmt"/>
        <line num="9" count="11" type="stmt"/>
        <line num="11" count="27" type="cond" truecount="2" falsecount="0"/>
        <line num="18" count="1" type="stmt"/>
        <line num="19" count="0" type="stmt"/>
        <line num="21" count="0" type="cond" truecount="0" falsecount="2"/>
      </file>
      <file name="unique.js" path="/Users/fyum/Documents/Projects/js-utils/src/array/unique.js">
        <metrics statements="3" coveredstatements="3" conditionals="0" coveredconditionals="0" methods="2" coveredmethods="2"/>
        <line num="7" count="1" type="stmt"/>
        <line num="8" count="1" type="stmt"/>
        <line num="10" count="4" type="stmt"/>
      </file>
    </metrics>
  </project>
</coverage>
