<?xml version="1.0" encoding="UTF-8"?>
<coverage generated="1541020857087" clover="3.2.0">
  <project timestamp="1541020857087" name="All files">
    <metrics statements="12" coveredstatements="10" conditionals="4" coveredconditionals="2" methods="8" coveredmethods="6" elements="24" coveredelements="18" complexity="0" loc="12" ncloc="12" packages="2" files="3" classes="3">
      <package name="array">
        <metrics statements="9" coveredstatements="7" conditionals="4" coveredconditionals="2" methods="6" coveredmethods="4"/>
        <file name="flatten.js" path="/Users/fyum/Documents/Projects/js-utils/src/array/flatten.js">
          <metrics statements="6" coveredstatements="4" conditionals="4" coveredconditionals="2" methods="4" coveredmethods="2"/>
          <line num="8" count="1" type="stmt"/>
          <line num="9" count="11" type="stmt"/>
          <line num="11" count="27" type="cond" truecount="2" falsecount="0"/>
          <line num="18" count="1" type="stmt"/>
          <line num="19" count="0" type="stmt"/>
          <line num="21" count="0" type="cond" truecount="0" falsecount="2"/>
        </file>
        <file name="unique.js" path="/Users/fyum/Documents/Projects/js-utils/src/array/unique.js">
          <metrics statements="3" coveredstatements="3" conditionals="0" coveredconditionals="0" methods="2" coveredmethods="2"/>
          <line num="8" count="1" type="stmt"/>
          <line num="9" count="1" type="stmt"/>
          <line num="11" count="4" type="stmt"/>
        </file>
      </package>
      <package name="object">
        <metrics statements="3" coveredstatements="3" conditionals="0" coveredconditionals="0" methods="2" coveredmethods="2"/>
        <file name="equals.js" path="/Users/fyum/Documents/Projects/js-utils/src/object/equals.js">
          <metrics statements="3" coveredstatements="3" conditionals="0" coveredconditionals="0" methods="2" coveredmethods="2"/>
          <line num="8" count="1" type="stmt"/>
          <line num="12" count="2" type="stmt"/>
          <line num="15" count="4" type="stmt"/>
        </file>
      </package>
    </metrics>
  </project>
</coverage>
