{"/Users/fyum/Documents/Projects/js-utils/src/array/flatten.js": {"path":"/Users/fyum/Documents/Projects/js-utils/src/array/flatten.js","statementMap":{"0":{"start":{"line":8,"column":2},"end":{"line":13,"column":32}},"1":{"start":{"line":9,"column":4},"end":{"line":13,"column":32}},"2":{"start":{"line":11,"column":8},"end":{"line":13,"column":27}},"3":{"start":{"line":18,"column":2},"end":{"line":23,"column":30}},"4":{"start":{"line":19,"column":4},"end":{"line":23,"column":30}},"5":{"start":{"line":21,"column":8},"end":{"line":23,"column":25}}},"fnMap":{"0":{"name":"(anonymous_0)","decl":{"start":{"line":8,"column":2},"end":{"line":8,"column":3}},"loc":{"start":{"line":9,"column":4},"end":{"line":13,"column":32}},"line":9},"1":{"name":"(anonymous_1)","decl":{"start":{"line":10,"column":14},"end":{"line":10,"column":15}},"loc":{"start":{"line":11,"column":8},"end":{"line":13,"column":27}},"line":11},"2":{"name":"(anonymous_2)","decl":{"start":{"line":18,"column":2},"end":{"line":18,"column":3}},"loc":{"start":{"line":19,"column":4},"end":{"line":23,"column":30}},"line":19},"3":{"name":"(anonymous_3)","decl":{"start":{"line":20,"column":14},"end":{"line":20,"column":15}},"loc":{"start":{"line":21,"column":8},"end":{"line":23,"column":25}},"line":21}},"branchMap":{"0":{"loc":{"start":{"line":11,"column":8},"end":{"line":13,"column":27}},"type":"cond-expr","locations":[{"start":{"line":12,"column":12},"end":{"line":12,"column":36}},{"start":{"line":13,"column":12},"end":{"line":13,"column":27}}],"line":11},"1":{"loc":{"start":{"line":21,"column":8},"end":{"line":23,"column":25}},"type":"cond-expr","locations":[{"start":{"line":22,"column":12},"end":{"line":22,"column":37}},{"start":{"line":23,"column":12},"end":{"line":23,"column":25}}],"line":21}},"s":{"0":1,"1":11,"2":27,"3":1,"4":0,"5":0},"f":{"0":11,"1":27,"2":0,"3":0},"b":{"0":[9,18],"1":[0,0]},"_coverageSchema":"332fd63041d2c1bcb487cc26dd0d5f7d97098a6c","hash":"71ab90d793911d61471500ac7d6aa30798b8a9db"}
,"/Users/fyum/Documents/Projects/js-utils/src/array/unique.js": {"path":"/Users/fyum/Documents/Projects/js-utils/src/array/unique.js","statementMap":{"0":{"start":{"line":8,"column":2},"end":{"line":12,"column":28}},"1":{"start":{"line":9,"column":4},"end":{"line":12,"column":28}},"2":{"start":{"line":11,"column":8},"end":{"line":12,"column":27}}},"fnMap":{"0":{"name":"(anonymous_0)","decl":{"start":{"line":8,"column":2},"end":{"line":8,"column":3}},"loc":{"start":{"line":9,"column":4},"end":{"line":12,"column":28}},"line":9},"1":{"name":"(anonymous_1)","decl":{"start":{"line":10,"column":14},"end":{"line":10,"column":15}},"loc":{"start":{"line":11,"column":8},"end":{"line":12,"column":27}},"line":11}},"branchMap":{},"s":{"0":1,"1":1,"2":4},"f":{"0":1,"1":4},"b":{},"_coverageSchema":"332fd63041d2c1bcb487cc26dd0d5f7d97098a6c","hash":"49e4742e2bfd492696944f07b229fe73a7d27d5c"}
,"/Users/fyum/Documents/Projects/js-utils/src/object/equals.js": {"path":"/Users/fyum/Documents/Projects/js-utils/src/object/equals.js","statementMap":{"0":{"start":{"line":8,"column":15},"end":{"line":16,"column":5}},"1":{"start":{"line":12,"column":2},"end":{"line":16,"column":5}},"2":{"start":{"line":15,"column":6},"end":{"line":15,"column":35}}},"fnMap":{"0":{"name":"(anonymous_0)","decl":{"start":{"line":8,"column":15},"end":{"line":8,"column":16}},"loc":{"start":{"line":12,"column":2},"end":{"line":16,"column":5}},"line":12},"1":{"name":"(anonymous_1)","decl":{"start":{"line":14,"column":11},"end":{"line":14,"column":12}},"loc":{"start":{"line":15,"column":6},"end":{"line":15,"column":35}},"line":15}},"branchMap":{},"s":{"0":1,"1":2,"2":4},"f":{"0":2,"1":4},"b":{},"_coverageSchema":"332fd63041d2c1bcb487cc26dd0d5f7d97098a6c","hash":"eac912b7a7d3ee2da71902d064b69190db5ce284"}
}
