TN:
SF:/Users/fyum/Documents/Projects/js-utils/src/array/flatten.js
FN:8,(anonymous_0)
FN:10,(anonymous_1)
FN:18,(anonymous_2)
FN:20,(anonymous_3)
FNF:4
FNH:2
FNDA:11,(anonymous_0)
FNDA:27,(anonymous_1)
FNDA:0,(anonymous_2)
FNDA:0,(anonymous_3)
DA:8,1
DA:9,11
DA:11,27
DA:18,1
DA:19,0
DA:21,0
LF:6
LH:4
BRDA:11,0,0,9
BRDA:11,0,1,18
BRDA:21,1,0,0
BRDA:21,1,1,0
BRF:4
BRH:2
end_of_record
TN:
SF:/Users/fyum/Documents/Projects/js-utils/src/array/unique.js
FN:8,(anonymous_0)
FN:10,(anonymous_1)
FNF:2
FNH:2
FNDA:1,(anonymous_0)
FNDA:4,(anonymous_1)
DA:8,1
DA:9,1
DA:11,4
LF:3
LH:3
BRF:0
BRH:0
end_of_record
TN:
SF:/Users/fyum/Documents/Projects/js-utils/src/object/equals.js
FN:8,(anonymous_0)
FN:14,(anonymous_1)
FNF:2
FNH:2
FNDA:2,(anonymous_0)
FNDA:4,(anonymous_1)
DA:8,1
DA:12,2
DA:15,4
LF:3
LH:3
BRF:0
BRH:0
end_of_record
